#
# A fatal error has been detected by the Java Runtime Environment:
#
#  Internal Error (javaClasses.cpp:129), pid=2084, tid=8756
#  fatal error: Invalid layout of preloaded class
#
# JRE version: 7.0_09-b05
# Java VM: Java HotSpot(TM) 64-Bit Server VM (23.5-b02 mixed mode windows-amd64 compressed oops)
# Failed to write core dump. Minidumps are not enabled by default on client versions of Windows
#
# If you would like to submit a bug report, please visit:
#   http://bugreport.sun.com/bugreport/crash.jsp
#

---------------  T H R E A D  ---------------

Current thread (0x000000000243d800):  JavaThread "Unknown thread" [_thread_in_vm, id=8756, stack(0x00000000024c0000,0x00000000025c0000)]

Stack: [0x00000000024c0000,0x00000000025c0000]

---------------  P R O C E S S  ---------------

Java Threads: ( => current thread )

Other Threads:

=>0x000000000243d800 (exited) JavaThread "Unknown thread" [_thread_in_vm, id=8756, stack(0x00000000024c0000,0x00000000025c0000)]

VM state:not at safepoint (not fully initialized)

VM Mutex/Monitor currently owned by a thread: None

GC Heap History (0 events):
No events

Deoptimization events (0 events):
No events

Internal exceptions (0 events):
No events

Events (10 events):
Event: 0.008 loading class 0x00000000026b7b80 done
Event: 0.008 loading class 0x00000000026b7df0 done
Event: 0.008 loading class 0x00000000026b7f10
Event: 0.008 loading class 0x00000000026bf4c0
Event: 0.008 loading class 0x00000000026bf4c0 done
Event: 0.008 loading class 0x00000000026bf540
Event: 0.008 loading class 0x00000000026bf540 done
Event: 0.008 loading class 0x000000000b65e650
Event: 0.008 loading class 0x000000000b65e650 done
Event: 0.008 loading class 0x00000000026b7f10 done


Dynamic libraries:
0x000007f6a6130000 - 0x000007f6a6164000 	C:\Program Files\Java\jdk1.7.0_09\bin\javaw.exe
0x000007f861ea0000 - 0x000007f86205e000 	C:\Windows\SYSTEM32\ntdll.dll
0x000007f861cf0000 - 0x000007f861e26000 	C:\Windows\system32\KERNEL32.DLL
0x000007f85eea0000 - 0x000007f85ef93000 	C:\Windows\system32\KERNELBASE.dll
0x000007f85ffa0000 - 0x000007f86007e000 	C:\Windows\system32\ADVAPI32.dll
0x000007f85fbc0000 - 0x000007f85fd0c000 	C:\Windows\system32\USER32.dll
0x000007f85c960000 - 0x000007f85cbc9000 	C:\Windows\WinSxS\amd64_microsoft.windows.common-controls_6595b64144ccf1df_6.0.9200.16384_none_418c2a697189c07f\COMCTL32.dll
0x000007f85f310000 - 0x000007f85f3b5000 	C:\Windows\system32\msvcrt.dll
0x000007f861690000 - 0x000007f8616d8000 	C:\Windows\SYSTEM32\sechost.dll
0x000007f85f470000 - 0x000007f85f5b0000 	C:\Windows\system32\RPCRT4.dll
0x000007f85f5b0000 - 0x000007f85f6f0000 	C:\Windows\system32\GDI32.dll
0x000007f861e40000 - 0x000007f861e79000 	C:\Windows\system32\IMM32.DLL
0x000007f85f6f0000 - 0x000007f85f804000 	C:\Windows\system32\MSCTF.dll
0x000007f85edb0000 - 0x000007f85edb8000 	C:\PROGRA~2\NVIDIA~1\3DVISI~1\NVSTIN~1.DLL
0x000007f861ce0000 - 0x000007f861ce7000 	C:\Windows\system32\PSAPI.DLL
0x000000005e430000 - 0x000000005e4d3000 	C:\Windows\WinSxS\amd64_microsoft.vc90.crt_1fc8b3b9a1e18e3b_9.0.30729.6871_none_08e717a5a83adddf\MSVCR90.dll
0x000000005ca50000 - 0x000000005cb21000 	C:\Program Files\Java\jdk1.7.0_09\jre\bin\msvcr100.dll
0x000000005bc90000 - 0x000000005c3af000 	C:\Program Files\Java\jdk1.7.0_09\jre\bin\server\jvm.dll
0x000007f858470000 - 0x000007f858479000 	C:\Windows\SYSTEM32\WSOCK32.dll
0x000007f85cd90000 - 0x000007f85cdb0000 	C:\Windows\SYSTEM32\WINMM.dll
0x000007f860340000 - 0x000007f860398000 	C:\Windows\system32\WS2_32.dll
0x000007f85bf00000 - 0x000007f85bf32000 	C:\Windows\SYSTEM32\WINMMBASE.dll
0x000007f861e30000 - 0x000007f861e39000 	C:\Windows\system32\NSI.dll
0x000000005ca40000 - 0x000000005ca4f000 	C:\Program Files\Java\jdk1.7.0_09\jre\bin\verify.dll
0x000000005ca10000 - 0x000000005ca38000 	C:\Program Files\Java\jdk1.7.0_09\jre\bin\java.dll
0x000000005c9f0000 - 0x000000005ca05000 	C:\Program Files\Java\jdk1.7.0_09\jre\bin\zip.dll

VM Arguments:
jvm_args: -Dfile.encoding=Cp1252 -Xbootclasspath:C:\Users\Brian\android-sdks\platforms\android-15\android.jar 
java_command: org.eclipse.jdt.internal.junit.runner.RemoteTestRunner -version 3 -port 59671 -testLoaderClass org.eclipse.jdt.internal.junit4.runner.JUnit4TestLoader -loaderpluginname org.eclipse.jdt.junit4.runtime -testNameFile C:\Users\Brian\AppData\Local\Temp\testNames1774900524861245405.txt
Launcher Type: SUN_STANDARD

Environment Variables:
PATH=C:\Windows\system32;C:\Windows;C:\Windows\System32\Wbem;C:\Windows\System32\WindowsPowerShell\v1.0\;C:\Users\Brian\android-sdks\platform-tools
USERNAME=Brian
OS=Windows_NT
PROCESSOR_IDENTIFIER=Intel64 Family 6 Model 30 Stepping 5, GenuineIntel



---------------  S Y S T E M  ---------------

OS: Windows 8 , 64 bit Build 9200 

CPU:total 4 (4 cores per cpu, 1 threads per core) family 6 model 30 stepping 5, cmov, cx8, fxsr, mmx, sse, sse2, sse3, ssse3, sse4.1, sse4.2, popcnt, tsc, tscinvbit

Memory: 4k page, physical 8386604k(3935232k free), swap 9631788k(3096476k free)

vm_info: Java HotSpot(TM) 64-Bit Server VM (23.5-b02) for windows-amd64 JRE (1.7.0_09-b05), built on Sep 24 2012 21:45:04 by "java_re" with unknown MS VC++:1600

time: Thu Dec 06 19:22:06 2012
elapsed time: 0 seconds

