#
# A fatal error has been detected by the Java Runtime Environment:
#
#  Internal Error (javaClasses.cpp:129), pid=14914, tid=140361279158016
#  fatal error: Invalid layout of preloaded class
#
# JRE version: 7.0_09-b30
# Java VM: OpenJDK 64-Bit Server VM (23.2-b09 mixed mode linux-amd64 compressed oops)
# Failed to write core dump. Core dumps have been disabled. To enable core dumping, try "ulimit -c unlimited" before starting Java again
#
# If you would like to submit a bug report, please include
# instructions on how to reproduce the bug and visit:
#   https://bugs.launchpad.net/ubuntu/+source/openjdk-7/
#

---------------  T H R E A D  ---------------

Current thread (0x00007fa860009000):  JavaThread "Unknown thread" [_thread_in_vm, id=14916, stack(0x00007fa8681f3000,0x00007fa8682f4000)]

Stack: [0x00007fa8681f3000,0x00007fa8682f4000],  sp=0x00007fa8682f29e0,  free space=1022k
Native frames: (J=compiled Java code, j=interpreted, Vv=VM code, C=native code)
V  [libjvm.so+0x85639b]  VMError::report_and_die()+0x16b
V  [libjvm.so+0x3ee237]  report_fatal(char const*, int, char const*)+0x57
V  [libjvm.so+0x52a56a]  compute_offset(int&, klassOopDesc*, Symbol*, Symbol*, bool) [clone .constprop.122]+0x11a
V  [libjvm.so+0x52a676]  java_lang_String::compute_offsets()+0x36
V  [libjvm.so+0x7e2f1d]  SystemDictionary::initialize_preloaded_classes(Thread*)+0x3d
V  [libjvm.so+0x82fe78]  Universe::genesis(Thread*)+0x468
V  [libjvm.so+0x83032f]  universe2_init()+0x1f
V  [libjvm.so+0x4dee4a]  init_globals()+0x9a
V  [libjvm.so+0x81389c]  Threads::create_vm(JavaVMInitArgs*, bool*)+0x39c
V  [libjvm.so+0x5471f8]  JNI_CreateJavaVM+0x58
C  [libjli.so+0x28f4]  __strcat_chk+0x28f4


---------------  P R O C E S S  ---------------

Java Threads: ( => current thread )

Other Threads:

=>0x00007fa860009000 (exited) JavaThread "Unknown thread" [_thread_in_vm, id=14916, stack(0x00007fa8681f3000,0x00007fa8682f4000)]

VM state:not at safepoint (not fully initialized)

VM Mutex/Monitor currently owned by a thread: None

GC Heap History (0 events):
No events

Deoptimization events (0 events):
No events

Internal exceptions (0 events):
No events

Events (10 events):
Event: 0.006 loading class 0x00007fa860022560 done
Event: 0.006 loading class 0x00007fa860021e00 done
Event: 0.006 loading class 0x00007fa860021dd0
Event: 0.007 loading class 0x00007fa86004cc90
Event: 0.007 loading class 0x00007fa86004cc90 done
Event: 0.007 loading class 0x00007fa86004ccd0
Event: 0.007 loading class 0x00007fa86004ccd0 done
Event: 0.007 loading class 0x00007fa86004cd10
Event: 0.007 loading class 0x00007fa86004cd10 done
Event: 0.007 loading class 0x00007fa860021dd0 done


Dynamic libraries:
00400000-00401000 r-xp 00000000 08:01 290946                             /usr/lib/jvm/java-7-openjdk-amd64/jre/bin/java
00600000-00601000 r--p 00000000 08:01 290946                             /usr/lib/jvm/java-7-openjdk-amd64/jre/bin/java
00601000-00602000 rw-p 00001000 08:01 290946                             /usr/lib/jvm/java-7-openjdk-amd64/jre/bin/java
02573000-02594000 rw-p 00000000 00:00 0                                  [heap]
d6a00000-d6f20000 rw-p 00000000 00:00 0 
d6f20000-e0f50000 rw-p 00000000 00:00 0 
e0f50000-e19b0000 rw-p 00000000 00:00 0 
e19b0000-f5a00000 rw-p 00000000 00:00 0 
f5a00000-f6ec0000 rw-p 00000000 00:00 0 
f6ec0000-100000000 rw-p 00000000 00:00 0 
7fa85d000000-7fa85d270000 rwxp 00000000 00:00 0 
7fa85d270000-7fa860057000 rw-p 00000000 00:00 0 
7fa860057000-7fa864000000 ---p 00000000 00:00 0 
7fa864a14000-7fa864c52000 rw-p 00000000 00:00 0 
7fa864c52000-7fa864d10000 r--s 00fac000 08:01 298375                     /root/android-sdks/platforms/android-15/android.jar
7fa864d10000-7fa864d1b000 rw-p 00000000 00:00 0 
7fa864d1b000-7fa864d64000 rw-p 00000000 00:00 0 
7fa864d64000-7fa864d6a000 rw-p 00000000 00:00 0 
7fa864d6a000-7fa864e0a000 rw-p 00000000 00:00 0 
7fa864e0a000-7fa864e0d000 rw-p 00000000 00:00 0 
7fa864e0d000-7fa864e5c000 rw-p 00000000 00:00 0 
7fa864e5c000-7fa864e62000 rw-p 00000000 00:00 0 
7fa864e62000-7fa864f02000 rw-p 00000000 00:00 0 
7fa864f02000-7fa864f0d000 rw-p 00000000 00:00 0 
7fa864f0d000-7fa864f55000 rw-p 00000000 00:00 0 
7fa864f55000-7fa864f56000 rw-p 00000000 00:00 0 
7fa864f56000-7fa864f5e000 r-xp 00000000 08:01 290921                     /usr/lib/jvm/java-7-openjdk-amd64/jre/lib/amd64/libzip.so
7fa864f5e000-7fa86515d000 ---p 00008000 08:01 290921                     /usr/lib/jvm/java-7-openjdk-amd64/jre/lib/amd64/libzip.so
7fa86515d000-7fa86515e000 r--p 00007000 08:01 290921                     /usr/lib/jvm/java-7-openjdk-amd64/jre/lib/amd64/libzip.so
7fa86515e000-7fa86515f000 rw-p 00008000 08:01 290921                     /usr/lib/jvm/java-7-openjdk-amd64/jre/lib/amd64/libzip.so
7fa86515f000-7fa86516b000 r-xp 00000000 08:01 528637                     /lib/x86_64-linux-gnu/libnss_files-2.15.so
7fa86516b000-7fa86536a000 ---p 0000c000 08:01 528637                     /lib/x86_64-linux-gnu/libnss_files-2.15.so
7fa86536a000-7fa86536b000 r--p 0000b000 08:01 528637                     /lib/x86_64-linux-gnu/libnss_files-2.15.so
7fa86536b000-7fa86536c000 rw-p 0000c000 08:01 528637                     /lib/x86_64-linux-gnu/libnss_files-2.15.so
7fa86536c000-7fa865376000 r-xp 00000000 08:01 528641                     /lib/x86_64-linux-gnu/libnss_nis-2.15.so
7fa865376000-7fa865576000 ---p 0000a000 08:01 528641                     /lib/x86_64-linux-gnu/libnss_nis-2.15.so
7fa865576000-7fa865577000 r--p 0000a000 08:01 528641                     /lib/x86_64-linux-gnu/libnss_nis-2.15.so
7fa865577000-7fa865578000 rw-p 0000b000 08:01 528641                     /lib/x86_64-linux-gnu/libnss_nis-2.15.so
7fa865578000-7fa86558f000 r-xp 00000000 08:01 528631                     /lib/x86_64-linux-gnu/libnsl-2.15.so
7fa86558f000-7fa86578e000 ---p 00017000 08:01 528631                     /lib/x86_64-linux-gnu/libnsl-2.15.so
7fa86578e000-7fa86578f000 r--p 00016000 08:01 528631                     /lib/x86_64-linux-gnu/libnsl-2.15.so
7fa86578f000-7fa865790000 rw-p 00017000 08:01 528631                     /lib/x86_64-linux-gnu/libnsl-2.15.so
7fa865790000-7fa865792000 rw-p 00000000 00:00 0 
7fa865792000-7fa86579a000 r-xp 00000000 08:01 528633                     /lib/x86_64-linux-gnu/libnss_compat-2.15.so
7fa86579a000-7fa865999000 ---p 00008000 08:01 528633                     /lib/x86_64-linux-gnu/libnss_compat-2.15.so
7fa865999000-7fa86599a000 r--p 00007000 08:01 528633                     /lib/x86_64-linux-gnu/libnss_compat-2.15.so
7fa86599a000-7fa86599b000 rw-p 00008000 08:01 528633                     /lib/x86_64-linux-gnu/libnss_compat-2.15.so
7fa86599b000-7fa8659c6000 r-xp 00000000 08:01 290903                     /usr/lib/jvm/java-7-openjdk-amd64/jre/lib/amd64/libjava.so
7fa8659c6000-7fa865bc5000 ---p 0002b000 08:01 290903                     /usr/lib/jvm/java-7-openjdk-amd64/jre/lib/amd64/libjava.so
7fa865bc5000-7fa865bc6000 r--p 0002a000 08:01 290903                     /usr/lib/jvm/java-7-openjdk-amd64/jre/lib/amd64/libjava.so
7fa865bc6000-7fa865bc8000 rw-p 0002b000 08:01 290903                     /usr/lib/jvm/java-7-openjdk-amd64/jre/lib/amd64/libjava.so
7fa865bc8000-7fa865bd7000 r-xp 00000000 08:01 290914                     /usr/lib/jvm/java-7-openjdk-amd64/jre/lib/amd64/libverify.so
7fa865bd7000-7fa865dd6000 ---p 0000f000 08:01 290914                     /usr/lib/jvm/java-7-openjdk-amd64/jre/lib/amd64/libverify.so
7fa865dd6000-7fa865dd8000 r--p 0000e000 08:01 290914                     /usr/lib/jvm/java-7-openjdk-amd64/jre/lib/amd64/libverify.so
7fa865dd8000-7fa865dd9000 rw-p 00010000 08:01 290914                     /usr/lib/jvm/java-7-openjdk-amd64/jre/lib/amd64/libverify.so
7fa865dd9000-7fa865de0000 r-xp 00000000 08:01 528676                     /lib/x86_64-linux-gnu/librt-2.15.so
7fa865de0000-7fa865fdf000 ---p 00007000 08:01 528676                     /lib/x86_64-linux-gnu/librt-2.15.so
7fa865fdf000-7fa865fe0000 r--p 00006000 08:01 528676                     /lib/x86_64-linux-gnu/librt-2.15.so
7fa865fe0000-7fa865fe1000 rw-p 00007000 08:01 528676                     /lib/x86_64-linux-gnu/librt-2.15.so
7fa865fe1000-7fa865ff6000 r-xp 00000000 08:01 528597                     /lib/x86_64-linux-gnu/libgcc_s.so.1
7fa865ff6000-7fa8661f5000 ---p 00015000 08:01 528597                     /lib/x86_64-linux-gnu/libgcc_s.so.1
7fa8661f5000-7fa8661f6000 r--p 00014000 08:01 528597                     /lib/x86_64-linux-gnu/libgcc_s.so.1
7fa8661f6000-7fa8661f7000 rw-p 00015000 08:01 528597                     /lib/x86_64-linux-gnu/libgcc_s.so.1
7fa8661f7000-7fa8662f2000 r-xp 00000000 08:01 528614                     /lib/x86_64-linux-gnu/libm-2.15.so
7fa8662f2000-7fa8664f1000 ---p 000fb000 08:01 528614                     /lib/x86_64-linux-gnu/libm-2.15.so
7fa8664f1000-7fa8664f2000 r--p 000fa000 08:01 528614                     /lib/x86_64-linux-gnu/libm-2.15.so
7fa8664f2000-7fa8664f3000 rw-p 000fb000 08:01 528614                     /lib/x86_64-linux-gnu/libm-2.15.so
7fa8664f3000-7fa8665d8000 r-xp 00000000 08:01 10091                      /usr/lib/x86_64-linux-gnu/libstdc++.so.6.0.17
7fa8665d8000-7fa8667d7000 ---p 000e5000 08:01 10091                      /usr/lib/x86_64-linux-gnu/libstdc++.so.6.0.17
7fa8667d7000-7fa8667df000 r--p 000e4000 08:01 10091                      /usr/lib/x86_64-linux-gnu/libstdc++.so.6.0.17
7fa8667df000-7fa8667e1000 rw-p 000ec000 08:01 10091                      /usr/lib/x86_64-linux-gnu/libstdc++.so.6.0.17
7fa8667e1000-7fa8667f6000 rw-p 00000000 00:00 0 
7fa8667f6000-7fa8671f0000 r-xp 00000000 08:01 290899                     /usr/lib/jvm/java-7-openjdk-amd64/jre/lib/amd64/server/libjvm.so
7fa8671f0000-7fa8673ef000 ---p 009fa000 08:01 290899                     /usr/lib/jvm/java-7-openjdk-amd64/jre/lib/amd64/server/libjvm.so
7fa8673ef000-7fa86746e000 r--p 009f9000 08:01 290899                     /usr/lib/jvm/java-7-openjdk-amd64/jre/lib/amd64/server/libjvm.so
7fa86746e000-7fa867491000 rw-p 00a78000 08:01 290899                     /usr/lib/jvm/java-7-openjdk-amd64/jre/lib/amd64/server/libjvm.so
7fa867491000-7fa8674bc000 rw-p 00000000 00:00 0 
7fa8674bc000-7fa8674d2000 r-xp 00000000 08:01 528706                     /lib/x86_64-linux-gnu/libz.so.1.2.7
7fa8674d2000-7fa8676d1000 ---p 00016000 08:01 528706                     /lib/x86_64-linux-gnu/libz.so.1.2.7
7fa8676d1000-7fa8676d2000 r--p 00015000 08:01 528706                     /lib/x86_64-linux-gnu/libz.so.1.2.7
7fa8676d2000-7fa8676d3000 rw-p 00016000 08:01 528706                     /lib/x86_64-linux-gnu/libz.so.1.2.7
7fa8676d3000-7fa8676eb000 r-xp 00000000 08:01 528668                     /lib/x86_64-linux-gnu/libpthread-2.15.so
7fa8676eb000-7fa8678ea000 ---p 00018000 08:01 528668                     /lib/x86_64-linux-gnu/libpthread-2.15.so
7fa8678ea000-7fa8678eb000 r--p 00017000 08:01 528668                     /lib/x86_64-linux-gnu/libpthread-2.15.so
7fa8678eb000-7fa8678ec000 rw-p 00018000 08:01 528668                     /lib/x86_64-linux-gnu/libpthread-2.15.so
7fa8678ec000-7fa8678f0000 rw-p 00000000 00:00 0 
7fa8678f0000-7fa8678f2000 r-xp 00000000 08:01 528587                     /lib/x86_64-linux-gnu/libdl-2.15.so
7fa8678f2000-7fa867af2000 ---p 00002000 08:01 528587                     /lib/x86_64-linux-gnu/libdl-2.15.so
7fa867af2000-7fa867af3000 r--p 00002000 08:01 528587                     /lib/x86_64-linux-gnu/libdl-2.15.so
7fa867af3000-7fa867af4000 rw-p 00003000 08:01 528587                     /lib/x86_64-linux-gnu/libdl-2.15.so
7fa867af4000-7fa867ca9000 r-xp 00000000 08:01 528572                     /lib/x86_64-linux-gnu/libc-2.15.so
7fa867ca9000-7fa867ea8000 ---p 001b5000 08:01 528572                     /lib/x86_64-linux-gnu/libc-2.15.so
7fa867ea8000-7fa867eac000 r--p 001b4000 08:01 528572                     /lib/x86_64-linux-gnu/libc-2.15.so
7fa867eac000-7fa867eae000 rw-p 001b8000 08:01 528572                     /lib/x86_64-linux-gnu/libc-2.15.so
7fa867eae000-7fa867eb3000 rw-p 00000000 00:00 0 
7fa867ecb000-7fa867ed8000 r-xp 00000000 08:01 290905                     /usr/lib/jvm/java-7-openjdk-amd64/jre/lib/amd64/jli/libjli.so
7fa867ed8000-7fa8680d7000 ---p 0000d000 08:01 290905                     /usr/lib/jvm/java-7-openjdk-amd64/jre/lib/amd64/jli/libjli.so
7fa8680d7000-7fa8680d8000 r--p 0000c000 08:01 290905                     /usr/lib/jvm/java-7-openjdk-amd64/jre/lib/amd64/jli/libjli.so
7fa8680d8000-7fa8680d9000 rw-p 0000d000 08:01 290905                     /usr/lib/jvm/java-7-openjdk-amd64/jre/lib/amd64/jli/libjli.so
7fa8680d9000-7fa8680fb000 r-xp 00000000 08:01 528550                     /lib/x86_64-linux-gnu/ld-2.15.so
7fa8680ff000-7fa868133000 rw-p 00000000 00:00 0 
7fa868133000-7fa8681e9000 rw-p 00000000 00:00 0 
7fa8681e9000-7fa8681f1000 rw-s 00000000 08:01 307616                     /tmp/hsperfdata_root/14914
7fa8681f1000-7fa8681f2000 rw-p 00000000 00:00 0 
7fa8681f2000-7fa8681f3000 r--p 00000000 00:00 0 
7fa8681f3000-7fa8681f6000 ---p 00000000 00:00 0 
7fa8681f6000-7fa8682fb000 rw-p 00000000 00:00 0                          [stack:14916]
7fa8682fb000-7fa8682fc000 r--p 00022000 08:01 528550                     /lib/x86_64-linux-gnu/ld-2.15.so
7fa8682fc000-7fa8682fe000 rw-p 00023000 08:01 528550                     /lib/x86_64-linux-gnu/ld-2.15.so
7fff99879000-7fff9989a000 rw-p 00000000 00:00 0                          [stack]
7fff9997f000-7fff99980000 r-xp 00000000 00:00 0                          [vdso]
ffffffffff600000-ffffffffff601000 r-xp 00000000 00:00 0                  [vsyscall]

VM Arguments:
jvm_args: -Dfile.encoding=UTF-8 -Xbootclasspath:/root/android-sdks/platforms/android-15/android.jar 
java_command: zzzSandbox.Sandbox
Launcher Type: SUN_STANDARD

Environment Variables:
PATH=/usr/local/sbin:/usr/local/bin:/usr/sbin:/usr/bin:/sbin:/bin:/usr/games:/usr/local/games
USERNAME=root
SHELL=/bin/bash
DISPLAY=:0

Signal Handlers:
SIGSEGV: [libjvm.so+0x856e80], sa_mask[0]=0x7ffbfeff, sa_flags=0x10000004
SIGBUS: [libjvm.so+0x856e80], sa_mask[0]=0x7ffbfeff, sa_flags=0x10000004
SIGFPE: [libjvm.so+0x6f7b80], sa_mask[0]=0x7ffbfeff, sa_flags=0x10000004
SIGPIPE: [libjvm.so+0x6f7b80], sa_mask[0]=0x7ffbfeff, sa_flags=0x10000004
SIGXFSZ: [libjvm.so+0x6f7b80], sa_mask[0]=0x7ffbfeff, sa_flags=0x10000004
SIGILL: [libjvm.so+0x6f7b80], sa_mask[0]=0x7ffbfeff, sa_flags=0x10000004
SIGUSR1: SIG_DFL, sa_mask[0]=0x00000000, sa_flags=0x00000000
SIGUSR2: [libjvm.so+0x6f7dd0], sa_mask[0]=0x00000004, sa_flags=0x10000004
SIGHUP: SIG_DFL, sa_mask[0]=0x00000000, sa_flags=0x00000000
SIGINT: SIG_DFL, sa_mask[0]=0x00000000, sa_flags=0x00000000
SIGTERM: SIG_DFL, sa_mask[0]=0x00000000, sa_flags=0x00000000
SIGQUIT: SIG_DFL, sa_mask[0]=0x00000000, sa_flags=0x00000000


---------------  S Y S T E M  ---------------

OS:Ubuntu 12.10 (quantal)
uname:Linux 3.5.0-18-generic #29-Ubuntu SMP Fri Oct 19 10:26:51 UTC 2012 x86_64
libc:glibc 2.15 NPTL 2.15 
rlimit: STACK 8192k, CORE 0k, NPROC 7763, NOFILE 4096, AS infinity
load average:0.32 0.25 0.42

/proc/meminfo:
MemTotal:        1012120 kB
MemFree:           66100 kB
Buffers:           15900 kB
Cached:           148756 kB
SwapCached:        30344 kB
Active:           377372 kB
Inactive:         408320 kB
Active(anon):     308040 kB
Inactive(anon):   322032 kB
Active(file):      69332 kB
Inactive(file):    86288 kB
Unevictable:       33712 kB
Mlocked:           33712 kB
SwapTotal:       1045500 kB
SwapFree:         712980 kB
Dirty:               288 kB
Writeback:             0 kB
AnonPages:        646376 kB
Mapped:            35380 kB
Shmem:               916 kB
Slab:              57344 kB
SReclaimable:      32992 kB
SUnreclaim:        24352 kB
KernelStack:        3696 kB
PageTables:        27060 kB
NFS_Unstable:          0 kB
Bounce:                0 kB
WritebackTmp:          0 kB
CommitLimit:     1551560 kB
Committed_AS:    3187844 kB
VmallocTotal:   34359738367 kB
VmallocUsed:      295168 kB
VmallocChunk:   34359440472 kB
HardwareCorrupted:     0 kB
AnonHugePages:         0 kB
HugePages_Total:       0
HugePages_Free:        0
HugePages_Rsvd:        0
HugePages_Surp:        0
Hugepagesize:       2048 kB
DirectMap4k:       59392 kB
DirectMap2M:    18446744073709492224 kB


CPU:total 1 (1 cores per cpu, 1 threads per core) family 6 model 30 stepping 5, cmov, cx8, fxsr, mmx, sse, sse2, sse3, ssse3, sse4.1, sse4.2, popcnt, tsc, tscinvbit

/proc/cpuinfo:
processor	: 0
vendor_id	: GenuineIntel
cpu family	: 6
model		: 30
model name	: Intel(R) Core(TM) i5 CPU         750  @ 2.67GHz
stepping	: 5
microcode	: 0x5
cpu MHz		: 2674.964
cache size	: 8192 KB
fpu		: yes
fpu_exception	: yes
cpuid level	: 11
wp		: yes
flags		: fpu vme de pse tsc msr pae mce cx8 apic sep mtrr pge mca cmov pat pse36 clflush dts mmx fxsr sse sse2 ss syscall nx rdtscp lm constant_tsc up arch_perfmon pebs bts nopl xtopology tsc_reliable nonstop_tsc aperfmperf pni ssse3 cx16 sse4_1 sse4_2 x2apic popcnt hypervisor lahf_lm ida dtherm
bogomips	: 5349.92
clflush size	: 64
cache_alignment	: 64
address sizes	: 40 bits physical, 48 bits virtual
power management:



Memory: 4k page, physical 1012120k(66100k free), swap 1045500k(712980k free)

vm_info: OpenJDK 64-Bit Server VM (23.2-b09) for linux-amd64 JRE (1.7.0_09-b30), built on Oct 24 2012 19:05:41 by "buildd" with gcc 4.7.2

time: Fri Nov 23 15:04:26 2012
elapsed time: 0 seconds

